<?xml version="1.0" encoding="UTF-8"?>
<!-- Generated by org.testng.reporters.JUnitReportReporter -->
<testsuite hostname="TSPREA01LAPA35" name="testcase_verfiy_Links.Verify_NutrientManagement1" tests="1" failures="0" timestamp="9 Feb 2018 21:54:44 GMT" time="282.050" errors="0">
  <testcase name="testHomePage" time="282.050" classname="testcase_verfiy_Links.Verify_NutrientManagement1"/>
</testsuite> <!-- testcase_verfiy_Links.Verify_NutrientManagement1 -->
