<?xml version="1.0" encoding="UTF-8"?>
<!-- Generated by org.testng.reporters.JUnitReportReporter -->
<testsuite hostname="TSPREA01LAPA35" name="testcase_LeftNav.Verify_BasinOutlookReports1" tests="1" failures="0" timestamp="16 Feb 2018 16:28:21 GMT" time="111.124" errors="0">
  <testcase name="testHomePage" time="111.124" classname="testcase_LeftNav.Verify_BasinOutlookReports1"/>
</testsuite> <!-- testcase_LeftNav.Verify_BasinOutlookReports1 -->
