<?xml version="1.0" encoding="UTF-8"?>
<!-- Generated by org.testng.reporters.JUnitReportReporter -->
<testsuite hostname="TSPREA01LAPA35" name="testcases.DD.Verify_Agronomy1" tests="1" failures="0" timestamp="1 Dec 2017 17:00:57 GMT" time="48.949" errors="0">
  <testcase name="testHomePage" time="48.949" classname="testcases.DD.Verify_Agronomy1"/>
</testsuite> <!-- testcases.DD.Verify_Agronomy1 -->
