<?xml version="1.0" encoding="UTF-8"?>
<!-- Generated by org.testng.reporters.JUnitReportReporter -->
<testsuite hostname="TSPREA01LAPA35" name="testcase_LeftNav.Verify_Agronomy1" tests="1" failures="0" timestamp="16 Feb 2018 15:30:13 GMT" time="35.814" errors="0">
  <testcase name="testHomePage" time="35.814" classname="testcase_LeftNav.Verify_Agronomy1"/>
</testsuite> <!-- testcase_LeftNav.Verify_Agronomy1 -->
