<?xml version="1.0" encoding="UTF-8"?>
<!-- Generated by org.testng.reporters.JUnitReportReporter -->
<testsuite hostname="TSPREA01LAPA35" name="testcase_demo.Verify_PestManagement1" tests="1" failures="0" timestamp="11 Feb 2018 19:13:14 GMT" time="21.045" errors="0">
  <testcase name="testHomePage" time="21.045" classname="testcase_demo.Verify_PestManagement1"/>
</testsuite> <!-- testcase_demo.Verify_PestManagement1 -->
