<?xml version="1.0" encoding="UTF-8"?>
<!-- Generated by org.testng.reporters.JUnitReportReporter -->
<testsuite hostname="TSPREA01LAPA35" name="testcase_demo.Verify_WaterSheds1" tests="1" failures="0" timestamp="12 Feb 2018 16:59:24 GMT" time="9.531" errors="0">
  <testcase name="testHomePage" time="9.531" classname="testcase_demo.Verify_WaterSheds1"/>
</testsuite> <!-- testcase_demo.Verify_WaterSheds1 -->
