<?xml version="1.0" encoding="UTF-8"?>
<!-- Generated by org.testng.reporters.JUnitReportReporter -->
<testsuite hostname="TSPREA01LAPA35" name="testcase_verfiy_Links.Verify_HomePage1" tests="1" failures="0" timestamp="31 Jan 2018 19:44:03 GMT" time="437.833" errors="0">
  <testcase name="testHomePage" time="437.833" classname="testcase_verfiy_Links.Verify_HomePage1"/>
</testsuite> <!-- testcase_verfiy_Links.Verify_HomePage1 -->
