<?xml version="1.0" encoding="UTF-8"?>
<!-- Generated by org.testng.reporters.JUnitReportReporter -->
<testsuite hostname="TSPREA01LAPA35" name="testcase_LeftNav.Verify_AgriculturalConservationEasementProgram1" tests="1" failures="0" timestamp="16 Feb 2018 14:59:26 GMT" time="302.335" errors="0">
  <testcase name="testHomePage" time="302.335" classname="testcase_LeftNav.Verify_AgriculturalConservationEasementProgram1"/>
</testsuite> <!-- testcase_LeftNav.Verify_AgriculturalConservationEasementProgram1 -->
