<?xml version="1.0" encoding="UTF-8"?>
<!-- Generated by org.testng.reporters.JUnitReportReporter -->
<testsuite hostname="TSPREA01LAPA35" name="testcase_demo.Verify_WatershedRehabilitation1" tests="1" failures="0" timestamp="12 Feb 2018 17:00:07 GMT" time="7.767" errors="0">
  <testcase name="testHomePage" time="7.767" classname="testcase_demo.Verify_WatershedRehabilitation1"/>
</testsuite> <!-- testcase_demo.Verify_WatershedRehabilitation1 -->
