<?xml version="1.0" encoding="UTF-8"?>
<!-- Generated by org.testng.reporters.JUnitReportReporter -->
<testsuite hostname="TSPREA01LAPA35" name="testcase_demo.Verify_Energy1" tests="1" failures="0" timestamp="11 Feb 2018 23:19:05 GMT" time="8.147" errors="0">
  <testcase name="testHomePage" time="8.147" classname="testcase_demo.Verify_Energy1"/>
</testsuite> <!-- testcase_demo.Verify_Energy1 -->
