<?xml version="1.0" encoding="UTF-8"?>
<!-- Generated by org.testng.reporters.JUnitReportReporter -->
<testsuite hostname="TSPREA01LAPA35" name="testcase_demo.Verify_AirQuality1" tests="1" failures="0" timestamp="12 Feb 2018 20:43:05 GMT" time="14.019" errors="0">
  <testcase name="testHomePage" time="14.019" classname="testcase_demo.Verify_AirQuality1"/>
</testsuite> <!-- testcase_demo.Verify_AirQuality1 -->
