<?xml version="1.0" encoding="UTF-8"?>
<!-- Generated by org.testng.reporters.JUnitReportReporter -->
<testsuite hostname="TSPREA01LAPA35" name="testcase_demo.Verify_WaterResources1" tests="1" failures="0" timestamp="12 Feb 2018 17:03:22 GMT" time="5.115" errors="0">
  <testcase name="testHomePage" time="5.115" classname="testcase_demo.Verify_WaterResources1"/>
</testsuite> <!-- testcase_demo.Verify_WaterResources1 -->
