<?xml version="1.0" encoding="UTF-8"?>
<!-- Generated by org.testng.reporters.JUnitReportReporter -->
<testsuite hostname="TSPREA01LAPA35" name="testcase_demo.Verify_WatershedProtectionandFloodPreventionProgram1" tests="1" failures="0" timestamp="12 Feb 2018 17:01:34 GMT" time="9.228" errors="0">
  <testcase name="testHomePage" time="9.228" classname="testcase_demo.Verify_WatershedProtectionandFloodPreventionProgram1"/>
</testsuite> <!-- testcase_demo.Verify_WatershedProtectionandFloodPreventionProgram1 -->
