<?xml version="1.0" encoding="UTF-8"?>
<!-- Generated by org.testng.reporters.JUnitReportReporter -->
<testsuite hostname="TSPREA01LAPA35" name="testcase_verfiy_Links.Verify_ConservationTechnicalAssistance1" tests="1" failures="0" timestamp="24 Apr 2018 16:48:44 GMT" time="79.197" errors="0">
  <testcase name="testHomePage" time="79.197" classname="testcase_verfiy_Links.Verify_ConservationTechnicalAssistance1"/>
</testsuite> <!-- testcase_verfiy_Links.Verify_ConservationTechnicalAssistance1 -->
