<?xml version="1.0" encoding="UTF-8"?>
<!-- Generated by org.testng.reporters.JUnitReportReporter -->
<testsuite hostname="TSPREA01LAPA35" name="testcase_demo.Verify_AgriculturalConservationEasementProgram1" tests="1" failures="0" timestamp="11 Feb 2018 19:13:14 GMT" time="13.648" errors="0">
  <testcase name="testHomePage" time="13.648" classname="testcase_demo.Verify_AgriculturalConservationEasementProgram1"/>
</testsuite> <!-- testcase_demo.Verify_AgriculturalConservationEasementProgram1 -->
