<?xml version="1.0" encoding="UTF-8"?>
<!-- Generated by org.testng.reporters.JUnitReportReporter -->
<testsuite hostname="TSPREA01LAPA35" name="testcase_demo.Verify_NationalResourcesInventory1" tests="1" failures="0" timestamp="11 May 2018 13:03:43 GMT" time="19.917" errors="0">
  <testcase name="testHomePage" time="19.917" classname="testcase_demo.Verify_NationalResourcesInventory1"/>
</testsuite> <!-- testcase_demo.Verify_NationalResourcesInventory1 -->
