<?xml version="1.0" encoding="UTF-8"?>
<!-- Generated by org.testng.reporters.JUnitReportReporter -->
<testsuite hostname="TSPREA01LAPA35" name="testcase_demo.Verify_RangePasture1" tests="1" failures="0" timestamp="12 Feb 2018 16:24:54 GMT" time="4.243" errors="0">
  <testcase name="testHomePage" time="4.243" classname="testcase_demo.Verify_RangePasture1"/>
</testsuite> <!-- testcase_demo.Verify_RangePasture1 -->
