<?xml version="1.0" encoding="UTF-8"?>
<!-- Generated by org.testng.reporters.JUnitReportReporter -->
<testsuite hostname="TSPREA01LAPA35" name="testcase_demo.Verify_TeachersandStudents1" tests="1" failures="0" timestamp="12 Feb 2018 19:01:02 GMT" time="22.259" errors="0">
  <testcase name="testHomePage" time="22.259" classname="testcase_demo.Verify_TeachersandStudents1"/>
</testsuite> <!-- testcase_demo.Verify_TeachersandStudents1 -->
