<?xml version="1.0" encoding="UTF-8"?>
<!-- Generated by org.testng.reporters.JUnitReportReporter -->
<testsuite hostname="TSPREA01LAPA35" name="testcase_verfiy_Links.Verify_AboutUs1" tests="1" failures="0" timestamp="13 Feb 2018 12:52:15 GMT" time="99.636" errors="0">
  <testcase name="testHomePage" time="99.636" classname="testcase_verfiy_Links.Verify_AboutUs1"/>
</testsuite> <!-- testcase_verfiy_Links.Verify_AboutUs1 -->
