<?xml version="1.0" encoding="UTF-8"?>
<!-- Generated by org.testng.reporters.JUnitReportReporter -->
<testsuite hostname="TSPREA01LAPA35" name="testcase_verfiy_Links.Verify_FarmBill1" tests="1" failures="0" timestamp="14 Feb 2018 20:44:41 GMT" time="321.521" errors="0">
  <testcase name="testHomePage" time="321.521" classname="testcase_verfiy_Links.Verify_FarmBill1"/>
</testsuite> <!-- testcase_verfiy_Links.Verify_FarmBill1 -->
