<?xml version="1.0" encoding="UTF-8"?>
<!-- Generated by org.testng.reporters.JUnitReportReporter -->
<testsuite hostname="TSPREA01LAPA35" name="testcase_verfiy_Links.Verify_BrowseByAudience" tests="1" failures="0" timestamp="10 Feb 2018 20:40:41 GMT" time="61.207" errors="0">
  <testcase name="testHomePage" time="61.207" classname="testcase_verfiy_Links.Verify_BrowseByAudience"/>
</testsuite> <!-- testcase_verfiy_Links.Verify_BrowseByAudience -->
