<?xml version="1.0" encoding="UTF-8"?>
<!-- Generated by org.testng.reporters.JUnitReportReporter -->
<testsuite hostname="TSPREA01LAPA35" name="testcase_verfiy_Links.Verify_ConservationTechnicalAssistance1" tests="1" failures="0" timestamp="10 Feb 2018 21:31:14 GMT" time="46.122" errors="0">
  <testcase name="testHomePage" time="46.122" classname="testcase_verfiy_Links.Verify_ConservationTechnicalAssistance1"/>
</testsuite> <!-- testcase_verfiy_Links.Verify_ConservationTechnicalAssistance1 -->
