<?xml version="1.0" encoding="UTF-8"?>
<!-- Generated by org.testng.reporters.JUnitReportReporter -->
<testsuite hostname="TSPREA01LAPA35" name="testcase_verfiy_Links.Verify_PublicationsFactSheets1" tests="1" failures="0" timestamp="24 Apr 2018 16:48:44 GMT" time="304.089" errors="0">
  <testcase name="testHomePage" time="304.089" classname="testcase_verfiy_Links.Verify_PublicationsFactSheets1"/>
</testsuite> <!-- testcase_verfiy_Links.Verify_PublicationsFactSheets1 -->
