<?xml version="1.0" encoding="UTF-8"?>
<!-- Generated by org.testng.reporters.JUnitReportReporter -->
<testsuite hostname="TSPREA01LAPA35" name="testcase_demo.Verify_WatershedSurveysandPlanning1" tests="1" failures="0" timestamp="12 Feb 2018 16:58:30 GMT" time="18.161" errors="0">
  <testcase name="testHomePage" time="18.161" classname="testcase_demo.Verify_WatershedSurveysandPlanning1"/>
</testsuite> <!-- testcase_demo.Verify_WatershedSurveysandPlanning1 -->
