<?xml version="1.0" encoding="UTF-8"?>
<!-- Generated by org.testng.reporters.JUnitReportReporter -->
<testsuite hostname="TSPREA01LAPA35" name="testcase_verfiy_Links.Verify_Cropland1" tests="1" failures="0" timestamp="31 Jan 2018 20:45:40 GMT" time="387.888" errors="0">
  <testcase name="testHomePage" time="387.888" classname="testcase_verfiy_Links.Verify_Cropland1"/>
</testsuite> <!-- testcase_verfiy_Links.Verify_Cropland1 -->
