<?xml version="1.0" encoding="UTF-8"?>
<!-- Generated by org.testng.reporters.JUnitReportReporter -->
<testsuite hostname="TSPREA01LAPA35" name="testcase_verfiy_Links.Verify_InvasiveSpecies1" tests="1" failures="0" timestamp="1 Feb 2018 14:24:52 GMT" time="466.741" errors="0">
  <testcase name="testHomePage" time="466.741" classname="testcase_verfiy_Links.Verify_InvasiveSpecies1"/>
</testsuite> <!-- testcase_verfiy_Links.Verify_InvasiveSpecies1 -->
