<?xml version="1.0" encoding="UTF-8"?>
<!-- Generated by org.testng.reporters.JUnitReportReporter -->
<testsuite hostname="TSPREA01LAPA35" name="testcases.DD.Verify_ConservationInnovationGrants1" tests="1" failures="0" timestamp="1 Dec 2017 17:00:57 GMT" time="25.039" errors="0">
  <testcase name="testHomePage" time="25.039" classname="testcases.DD.Verify_ConservationInnovationGrants1"/>
</testsuite> <!-- testcases.DD.Verify_ConservationInnovationGrants1 -->
