<?xml version="1.0" encoding="UTF-8"?>
<!-- Generated by org.testng.reporters.JUnitReportReporter -->
<testsuite hostname="TSPREA01LAPA35" name="testcases.DD.Link.Verify_AboutUs1" tests="1" failures="0" timestamp="29 Jan 2018 20:16:52 GMT" time="75.898" errors="0">
  <testcase name="testHomePage" time="75.898" classname="testcases.DD.Link.Verify_AboutUs1"/>
</testsuite> <!-- testcases.DD.Link.Verify_AboutUs1 -->
