<?xml version="1.0" encoding="UTF-8"?>
<!-- Generated by org.testng.reporters.JUnitReportReporter -->
<testsuite hostname="TSPREA01LAPA35" name="testcase_LeftNav.Verify_Air1" tests="1" failures="0" timestamp="16 Feb 2018 15:31:45 GMT" time="53.780" errors="0">
  <testcase name="testHomePage" time="53.780" classname="testcase_LeftNav.Verify_Air1"/>
</testsuite> <!-- testcase_LeftNav.Verify_Air1 -->
