<?xml version="1.0" encoding="UTF-8"?>
<!-- Generated by org.testng.reporters.JUnitReportReporter -->
<testsuite hostname="TSPREA01LAPA35" name="testcase_demo.Verify_ManureManagement1" tests="1" failures="0" timestamp="11 Feb 2018 19:13:13 GMT" time="11.710" errors="0">
  <testcase name="testHomePage" time="11.710" classname="testcase_demo.Verify_ManureManagement1"/>
</testsuite> <!-- testcase_demo.Verify_ManureManagement1 -->
