<?xml version="1.0" encoding="UTF-8"?>
<!-- Generated by org.testng.reporters.JUnitReportReporter -->
<testsuite hostname="TSPREA01LAPA35" name="testcase_demo.Verify_Reservoirs1" tests="1" failures="0" timestamp="11 May 2018 13:03:43 GMT" time="3.925" errors="0">
  <testcase name="testHomePage" time="3.925" classname="testcase_demo.Verify_Reservoirs1"/>
</testsuite> <!-- testcase_demo.Verify_Reservoirs1 -->
