<?xml version="1.0" encoding="UTF-8"?>
<!-- Generated by org.testng.reporters.JUnitReportReporter -->
<testsuite hostname="TSPREA01LAPA35" name="testcase_verfiy_Links.Verify_CivilRights1" tests="1" failures="0" timestamp="14 Feb 2018 18:14:06 GMT" time="173.334" errors="0">
  <testcase name="testHomePage" time="173.334" classname="testcase_verfiy_Links.Verify_CivilRights1"/>
</testsuite> <!-- testcase_verfiy_Links.Verify_CivilRights1 -->
