<?xml version="1.0" encoding="UTF-8"?>
<!-- Generated by org.testng.reporters.JUnitReportReporter -->
<testsuite hostname="TSPREA01LAPA35" name="testcase_demo.Verify_Agronomy1" tests="1" failures="0" timestamp="12 Feb 2018 20:37:37 GMT" time="51.637" errors="0">
  <testcase name="testHomePage" time="51.637" classname="testcase_demo.Verify_Agronomy1"/>
</testsuite> <!-- testcase_demo.Verify_Agronomy1 -->
