<?xml version="1.0" encoding="UTF-8"?>
<!-- Generated by org.testng.reporters.JUnitReportReporter -->
<testsuite hostname="TSPREA01LAPA35" name="testcase_verfiy_Links.Verify_Programs1" tests="1" failures="0" timestamp="2 Feb 2018 16:30:35 GMT" time="257.291" errors="0">
  <testcase name="testHomePage" time="257.291" classname="testcase_verfiy_Links.Verify_Programs1"/>
</testsuite> <!-- testcase_verfiy_Links.Verify_Programs1 -->
