<?xml version="1.0" encoding="UTF-8"?>
<!-- Generated by org.testng.reporters.JUnitReportReporter -->
<testsuite hostname="TSPREA01LAPA35" name="testcase_verfiy_Links.Verify_A_Z_index" tests="1" failures="0" timestamp="31 Jan 2018 20:32:35 GMT" time="14.373" errors="0">
  <testcase name="testHomePage" time="14.373" classname="testcase_verfiy_Links.Verify_A_Z_index"/>
</testsuite> <!-- testcase_verfiy_Links.Verify_A_Z_index -->
