<?xml version="1.0" encoding="UTF-8"?>
<!-- Generated by org.testng.reporters.JUnitReportReporter -->
<testsuite hostname="TSPREA01LAPA35" name="testcase_LeftNav.Verify_Programs1" tests="1" failures="0" timestamp="16 Feb 2018 16:48:10 GMT" time="125.196" errors="0">
  <testcase name="testHomePage" time="125.196" classname="testcase_LeftNav.Verify_Programs1"/>
</testsuite> <!-- testcase_LeftNav.Verify_Programs1 -->
