<?xml version="1.0" encoding="UTF-8"?>
<!-- Generated by org.testng.reporters.JUnitReportReporter -->
<testsuite hostname="TSPREA01LAPA35" name="testcase_demo.Verify_BrowseByAudience" tests="1" failures="0" timestamp="11 Feb 2018 19:13:13 GMT" time="5.565" errors="0">
  <testcase name="testHomePage" time="5.565" classname="testcase_demo.Verify_BrowseByAudience"/>
</testsuite> <!-- testcase_demo.Verify_BrowseByAudience -->
