<?xml version="1.0" encoding="UTF-8"?>
<!-- Generated by org.testng.reporters.JUnitReportReporter -->
<testsuite hostname="TSPREA01LAPA35" name="testcase_LeftNav.Verify_AirQuality1" tests="1" failures="0" timestamp="16 Feb 2018 15:34:24 GMT" time="62.503" errors="0">
  <testcase name="testHomePage" time="62.503" classname="testcase_LeftNav.Verify_AirQuality1"/>
</testsuite> <!-- testcase_LeftNav.Verify_AirQuality1 -->
