<?xml version="1.0" encoding="UTF-8"?>
<!-- Generated by org.testng.reporters.JUnitReportReporter -->
<testsuite hostname="TSPREA01LAPA35" name="testcase_demo.Verify_RapidWatershedAssessment1" tests="1" failures="0" timestamp="12 Feb 2018 16:25:56 GMT" time="17.486" errors="0">
  <testcase name="testHomePage" time="17.486" classname="testcase_demo.Verify_RapidWatershedAssessment1"/>
</testsuite> <!-- testcase_demo.Verify_RapidWatershedAssessment1 -->
