<?xml version="1.0" encoding="UTF-8"?>
<!-- Generated by org.testng.reporters.JUnitReportReporter -->
<testsuite hostname="TSPREA01LAPA35" name="testcase_demo.Verify_TechnicalResources1" tests="1" failures="0" timestamp="12 Feb 2018 19:01:02 GMT" time="43.065" errors="0">
  <testcase name="testHomePage" time="43.065" classname="testcase_demo.Verify_TechnicalResources1"/>
</testsuite> <!-- testcase_demo.Verify_TechnicalResources1 -->
