<?xml version="1.0" encoding="UTF-8"?>
<!-- Generated by org.testng.reporters.JUnitReportReporter -->
<testsuite hostname="TSPREA01LAPA35" name="testcase_demo.Verify_SnowSurveyProducts1" tests="1" failures="0" timestamp="12 Feb 2018 17:56:25 GMT" time="3.438" errors="0">
  <testcase name="testHomePage" time="3.438" classname="testcase_demo.Verify_SnowSurveyProducts1"/>
</testsuite> <!-- testcase_demo.Verify_SnowSurveyProducts1 -->
