<?xml version="1.0" encoding="UTF-8"?>
<!-- Generated by org.testng.reporters.JUnitReportReporter -->
<testsuite hostname="TSPREA01LAPA35" name="testcase_demo.Verify_Partners1" tests="1" failures="0" timestamp="11 Feb 2018 19:13:13 GMT" time="29.284" errors="0">
  <testcase name="testHomePage" time="29.284" classname="testcase_demo.Verify_Partners1"/>
</testsuite> <!-- testcase_demo.Verify_Partners1 -->
