<?xml version="1.0" encoding="UTF-8"?>
<!-- Generated by org.testng.reporters.JUnitReportReporter -->
<testsuite hostname="TSPREA01LAPA35" name="testcase_verfiy_Links.Verify_AgriculturalConservationEasementProgram1" tests="1" failures="0" timestamp="14 Feb 2018 17:10:47 GMT" time="524.283" errors="0">
  <testcase name="testHomePage" time="524.283" classname="testcase_verfiy_Links.Verify_AgriculturalConservationEasementProgram1"/>
</testsuite> <!-- testcase_verfiy_Links.Verify_AgriculturalConservationEasementProgram1 -->
