<?xml version="1.0" encoding="UTF-8"?>
<!-- Generated by org.testng.reporters.JUnitReportReporter -->
<testsuite hostname="TSPREA01LAPA35" name="testcase_verfiy_Links.Verify_Footer" tests="1" failures="0" timestamp="31 Jan 2018 19:27:17 GMT" time="151.702" errors="0">
  <testcase name="testHomePage" time="151.702" classname="testcase_verfiy_Links.Verify_Footer"/>
</testsuite> <!-- testcase_verfiy_Links.Verify_Footer -->
