<?xml version="1.0" encoding="UTF-8"?>
<!-- Generated by org.testng.reporters.JUnitReportReporter -->
<testsuite hostname="TSPREA01LAPA35" name="testcase_LeftNav.Verify_AboutUs1" tests="1" failures="0" timestamp="19 Mar 2018 18:44:44 GMT" time="54.405" errors="0">
  <testcase name="testHomePage" time="54.405" classname="testcase_LeftNav.Verify_AboutUs1"/>
</testsuite> <!-- testcase_LeftNav.Verify_AboutUs1 -->
