<?xml version="1.0" encoding="UTF-8"?>
<!-- Generated by org.testng.reporters.JUnitReportReporter -->
<testsuite hostname="TSPREA01LAPA35" name="testcase_verfiy_Links.Verify_PublicationsFactSheets1" tests="1" failures="0" timestamp="10 Feb 2018 19:23:11 GMT" time="1501.821" errors="0">
  <testcase name="testHomePage" time="1501.821" classname="testcase_verfiy_Links.Verify_PublicationsFactSheets1"/>
</testsuite> <!-- testcase_verfiy_Links.Verify_PublicationsFactSheets1 -->
