<?xml version="1.0" encoding="UTF-8"?>
<!-- Generated by org.testng.reporters.JUnitReportReporter -->
<testsuite hostname="TSPREA01LAPA35" name="testcase_verfiy_Links.Verify_Help" tests="1" failures="0" timestamp="24 Apr 2018 16:48:44 GMT" time="83.394" errors="0">
  <testcase name="testHomePage" time="83.394" classname="testcase_verfiy_Links.Verify_Help"/>
</testsuite> <!-- testcase_verfiy_Links.Verify_Help -->
